This file contains any messages produced by compilers while
running configure, to aid debugging if configure makes a mistake.

It was created by XQilla configure 2.3.4, which was
generated by GNU Autoconf 2.64.  Invocation command line was

  $ ./configure --with-xerces=/home/jovyan/xerces-c-3.2.4

## --------- ##
## Platform. ##
## --------- ##

hostname = jupyter-mihe2568
uname -m = x86_64
uname -r = 4.15.0-197-generic
uname -s = Linux
uname -v = #208-Ubuntu SMP Tue Nov 1 17:23:37 UTC 2022

/usr/bin/uname -p = x86_64
/bin/uname -X     = unknown

/bin/arch              = x86_64
/usr/bin/arch -k       = unknown
/usr/convex/getsysinfo = unknown
/usr/bin/hostinfo      = unknown
/bin/machine           = unknown
/usr/bin/oslevel       = unknown
/bin/universe          = unknown

PATH: /opt/conda/bin
PATH: /usr/local/sbin
PATH: /usr/local/bin
PATH: /usr/sbin
PATH: /usr/bin
PATH: /sbin
PATH: /bin
PATH: /home/jovyan/CSPB 3308/lab-1-and-2-mitch-henderson/bin


## ----------- ##
## Core tests. ##
## ----------- ##

configure:2550: checking build system type
configure:2564: result: x86_64-unknown-linux-gnu
configure:2584: checking host system type
configure:2597: result: x86_64-unknown-linux-gnu
configure:2617: checking target system type
configure:2630: result: x86_64-unknown-linux-gnu
configure:2672: checking for a BSD-compatible install
configure:2740: result: /usr/bin/install -c
configure:2751: checking whether build environment is sane
configure:2801: result: yes
configure:2942: checking for a thread-safe mkdir -p
configure:2981: result: /usr/bin/mkdir -p
configure:2994: checking for gawk
configure:3024: result: no
configure:2994: checking for mawk
configure:3010: found /usr/bin/mawk
configure:3021: result: mawk
configure:3032: checking whether make sets $(MAKE)
configure:3054: result: yes
configure:3141: checking whether to enable maintainer-specific portions of Makefiles
configure:3150: result: no
configure:3165: checking if --enable-debug option specified
configure:3174: result: no
configure:3178: checking if --enable-rpath option specified
configure:3187: result: yes
configure:3238: checking if --with-xerces=DIR option specified
configure:3248: result: /home/jovyan/xerces-c-3.2.4
configure:3275: checking for Xerces-C version
configure:3280: result: 3.2
configure:3339: checking for style of include used by make
configure:3367: result: GNU
configure:3447: checking for g++
configure:3463: found /usr/bin/g++
configure:3474: result: g++
configure:3501: checking for C++ compiler version
configure:3510: g++ --version >&5
g++ (Ubuntu 11.3.0-1ubuntu1~22.04) 11.3.0
Copyright (C) 2021 Free Software Foundation, Inc.
This is free software; see the source for copying conditions.  There is NO
warranty; not even for MERCHANTABILITY or FITNESS FOR A PARTICULAR PURPOSE.

configure:3521: $? = 0
configure:3510: g++ -v >&5
Using built-in specs.
COLLECT_GCC=g++
COLLECT_LTO_WRAPPER=/usr/lib/gcc/x86_64-linux-gnu/11/lto-wrapper
OFFLOAD_TARGET_NAMES=nvptx-none:amdgcn-amdhsa
OFFLOAD_TARGET_DEFAULT=1
Target: x86_64-linux-gnu
Configured with: ../src/configure -v --with-pkgversion='Ubuntu 11.3.0-1ubuntu1~22.04' --with-bugurl=file:///usr/share/doc/gcc-11/README.Bugs --enable-languages=c,ada,c++,go,brig,d,fortran,objc,obj-c++,m2 --prefix=/usr --with-gcc-major-version-only --program-suffix=-11 --program-prefix=x86_64-linux-gnu- --enable-shared --enable-linker-build-id --libexecdir=/usr/lib --without-included-gettext --enable-threads=posix --libdir=/usr/lib --enable-nls --enable-bootstrap --enable-clocale=gnu --enable-libstdcxx-debug --enable-libstdcxx-time=yes --with-default-libstdcxx-abi=new --enable-gnu-unique-object --disable-vtable-verify --enable-plugin --enable-default-pie --with-system-zlib --enable-libphobos-checking=release --with-target-system-zlib=auto --enable-objc-gc=auto --enable-multiarch --disable-werror --enable-cet --with-arch-32=i686 --with-abi=m64 --with-multilib-list=m32,m64,mx32 --enable-multilib --with-tune=generic --enable-offload-targets=nvptx-none=/build/gcc-11-xKiWfi/gcc-11-11.3.0/debian/tmp-nvptx/usr,amdgcn-amdhsa=/build/gcc-11-xKiWfi/gcc-11-11.3.0/debian/tmp-gcn/usr --without-cuda-driver --enable-checking=release --build=x86_64-linux-gnu --host=x86_64-linux-gnu --target=x86_64-linux-gnu --with-build-config=bootstrap-lto-lean --enable-link-serialization=2
Thread model: posix
Supported LTO compression algorithms: zlib zstd
gcc version 11.3.0 (Ubuntu 11.3.0-1ubuntu1~22.04) 
... rest of stderr output deleted ...
configure:3521: $? = 0
configure:3510: g++ -V >&5
g++: error: unrecognized command-line option '-V'
g++: fatal error: no input files
compilation terminated.
configure:3521: $? = 1
configure:3510: g++ -qversion >&5
g++: error: unrecognized command-line option '-qversion'; did you mean '--version'?
g++: fatal error: no input files
compilation terminated.
configure:3521: $? = 1
configure:3543: checking for C++ compiler default output file name
configure:3565: g++ -O2  -D_GNU_SOURCE -D_REENTRANT -I/home/jovyan/xerces-c-3.2.4/src  conftest.cpp  >&5
configure:3569: $? = 0
configure:3606: result: a.out
configure:3622: checking whether the C++ compiler works
configure:3631: ./a.out
configure:3635: $? = 0
configure:3650: result: yes
configure:3657: checking whether we are cross compiling
configure:3659: result: no
configure:3662: checking for suffix of executables
configure:3669: g++ -o conftest -O2  -D_GNU_SOURCE -D_REENTRANT -I/home/jovyan/xerces-c-3.2.4/src  conftest.cpp  >&5
configure:3673: $? = 0
configure:3695: result: 
configure:3701: checking for suffix of object files
configure:3723: g++ -c -O2  -D_GNU_SOURCE -D_REENTRANT -I/home/jovyan/xerces-c-3.2.4/src conftest.cpp >&5
configure:3727: $? = 0
configure:3748: result: o
configure:3752: checking whether we are using the GNU C++ compiler
configure:3771: g++ -c -O2  -D_GNU_SOURCE -D_REENTRANT -I/home/jovyan/xerces-c-3.2.4/src conftest.cpp >&5
configure:3771: $? = 0
configure:3780: result: yes
configure:3789: checking whether g++ accepts -g
configure:3809: g++ -c -g  -D_GNU_SOURCE -D_REENTRANT -I/home/jovyan/xerces-c-3.2.4/src conftest.cpp >&5
configure:3809: $? = 0
configure:3850: result: yes
configure:3875: checking dependency style of g++
configure:3985: result: gcc3
configure:4012: g++ -c -O2  -D_GNU_SOURCE -D_REENTRANT -I/home/jovyan/xerces-c-3.2.4/src conftest.cpp >&5
configure:4012: $? = 0
configure:4025: checking if the Xerces-C library supports the BinInputStream::getContentType() method
configure:4027: result: yes
configure:4059: g++ -c -O2  -D_GNU_SOURCE -D_REENTRANT -I/home/jovyan/xerces-c-3.2.4/src conftest.cpp >&5
configure:4059: $? = 0
configure:4072: checking if the Xerces-C library supports the RegularExpression::allMatches() method
configure:4074: result: yes
configure:4088: checking if --with-faxpp=DIR option specified
configure:4098: result: /usr/local
configure:4101: checking if the FAXPP library is present
configure:4130: result: no
configure:4143: checking if --with-tidy=DIR option specified
configure:4153: result: /usr
configure:4156: checking if the HTML Tidy library is present
configure:4183: result: no
configure:4307: checking for C++ compiler version
configure:4316: g++ --version >&5
g++ (Ubuntu 11.3.0-1ubuntu1~22.04) 11.3.0
Copyright (C) 2021 Free Software Foundation, Inc.
This is free software; see the source for copying conditions.  There is NO
warranty; not even for MERCHANTABILITY or FITNESS FOR A PARTICULAR PURPOSE.

configure:4327: $? = 0
configure:4316: g++ -v >&5
Using built-in specs.
COLLECT_GCC=g++
COLLECT_LTO_WRAPPER=/usr/lib/gcc/x86_64-linux-gnu/11/lto-wrapper
OFFLOAD_TARGET_NAMES=nvptx-none:amdgcn-amdhsa
OFFLOAD_TARGET_DEFAULT=1
Target: x86_64-linux-gnu
Configured with: ../src/configure -v --with-pkgversion='Ubuntu 11.3.0-1ubuntu1~22.04' --with-bugurl=file:///usr/share/doc/gcc-11/README.Bugs --enable-languages=c,ada,c++,go,brig,d,fortran,objc,obj-c++,m2 --prefix=/usr --with-gcc-major-version-only --program-suffix=-11 --program-prefix=x86_64-linux-gnu- --enable-shared --enable-linker-build-id --libexecdir=/usr/lib --without-included-gettext --enable-threads=posix --libdir=/usr/lib --enable-nls --enable-bootstrap --enable-clocale=gnu --enable-libstdcxx-debug --enable-libstdcxx-time=yes --with-default-libstdcxx-abi=new --enable-gnu-unique-object --disable-vtable-verify --enable-plugin --enable-default-pie --with-system-zlib --enable-libphobos-checking=release --with-target-system-zlib=auto --enable-objc-gc=auto --enable-multiarch --disable-werror --enable-cet --with-arch-32=i686 --with-abi=m64 --with-multilib-list=m32,m64,mx32 --enable-multilib --with-tune=generic --enable-offload-targets=nvptx-none=/build/gcc-11-xKiWfi/gcc-11-11.3.0/debian/tmp-nvptx/usr,amdgcn-amdhsa=/build/gcc-11-xKiWfi/gcc-11-11.3.0/debian/tmp-gcn/usr --without-cuda-driver --enable-checking=release --build=x86_64-linux-gnu --host=x86_64-linux-gnu --target=x86_64-linux-gnu --with-build-config=bootstrap-lto-lean --enable-link-serialization=2
Thread model: posix
Supported LTO compression algorithms: zlib zstd
gcc version 11.3.0 (Ubuntu 11.3.0-1ubuntu1~22.04) 
... rest of stderr output deleted ...
configure:4327: $? = 0
configure:4316: g++ -V >&5
g++: error: unrecognized command-line option '-V'
g++: fatal error: no input files
compilation terminated.
configure:4327: $? = 1
configure:4316: g++ -qversion >&5
g++: error: unrecognized command-line option '-qversion'; did you mean '--version'?
g++: fatal error: no input files
compilation terminated.
configure:4327: $? = 1
configure:4331: checking whether we are using the GNU C++ compiler
configure:4359: result: yes
configure:4368: checking whether g++ accepts -g
configure:4429: result: yes
configure:4454: checking dependency style of g++
configure:4564: result: gcc3
configure:4627: checking for gcc
configure:4643: found /usr/bin/gcc
configure:4654: result: gcc
configure:4883: checking for C compiler version
configure:4892: gcc --version >&5
gcc (Ubuntu 11.3.0-1ubuntu1~22.04) 11.3.0
Copyright (C) 2021 Free Software Foundation, Inc.
This is free software; see the source for copying conditions.  There is NO
warranty; not even for MERCHANTABILITY or FITNESS FOR A PARTICULAR PURPOSE.

configure:4903: $? = 0
configure:4892: gcc -v >&5
Using built-in specs.
COLLECT_GCC=gcc
COLLECT_LTO_WRAPPER=/usr/lib/gcc/x86_64-linux-gnu/11/lto-wrapper
OFFLOAD_TARGET_NAMES=nvptx-none:amdgcn-amdhsa
OFFLOAD_TARGET_DEFAULT=1
Target: x86_64-linux-gnu
Configured with: ../src/configure -v --with-pkgversion='Ubuntu 11.3.0-1ubuntu1~22.04' --with-bugurl=file:///usr/share/doc/gcc-11/README.Bugs --enable-languages=c,ada,c++,go,brig,d,fortran,objc,obj-c++,m2 --prefix=/usr --with-gcc-major-version-only --program-suffix=-11 --program-prefix=x86_64-linux-gnu- --enable-shared --enable-linker-build-id --libexecdir=/usr/lib --without-included-gettext --enable-threads=posix --libdir=/usr/lib --enable-nls --enable-bootstrap --enable-clocale=gnu --enable-libstdcxx-debug --enable-libstdcxx-time=yes --with-default-libstdcxx-abi=new --enable-gnu-unique-object --disable-vtable-verify --enable-plugin --enable-default-pie --with-system-zlib --enable-libphobos-checking=release --with-target-system-zlib=auto --enable-objc-gc=auto --enable-multiarch --disable-werror --enable-cet --with-arch-32=i686 --with-abi=m64 --with-multilib-list=m32,m64,mx32 --enable-multilib --with-tune=generic --enable-offload-targets=nvptx-none=/build/gcc-11-xKiWfi/gcc-11-11.3.0/debian/tmp-nvptx/usr,amdgcn-amdhsa=/build/gcc-11-xKiWfi/gcc-11-11.3.0/debian/tmp-gcn/usr --without-cuda-driver --enable-checking=release --build=x86_64-linux-gnu --host=x86_64-linux-gnu --target=x86_64-linux-gnu --with-build-config=bootstrap-lto-lean --enable-link-serialization=2
Thread model: posix
Supported LTO compression algorithms: zlib zstd
gcc version 11.3.0 (Ubuntu 11.3.0-1ubuntu1~22.04) 
... rest of stderr output deleted ...
configure:4903: $? = 0
configure:4892: gcc -V >&5
gcc: error: unrecognized command-line option '-V'
gcc: fatal error: no input files
compilation terminated.
configure:4903: $? = 1
configure:4892: gcc -qversion >&5
gcc: error: unrecognized command-line option '-qversion'; did you mean '--version'?
gcc: fatal error: no input files
compilation terminated.
configure:4903: $? = 1
configure:4907: checking whether we are using the GNU C compiler
configure:4926: gcc -c -O2  -D_GNU_SOURCE -D_REENTRANT conftest.c >&5
configure:4926: $? = 0
configure:4935: result: yes
configure:4944: checking whether gcc accepts -g
configure:4964: gcc -c -g  -D_GNU_SOURCE -D_REENTRANT conftest.c >&5
configure:4964: $? = 0
configure:5005: result: yes
configure:5022: checking for gcc option to accept ISO C89
configure:5086: gcc  -c -O2  -D_GNU_SOURCE -D_REENTRANT conftest.c >&5
configure:5086: $? = 0
configure:5099: result: none needed
configure:5121: checking dependency style of gcc
configure:5231: result: gcc3
configure:5248: WARNING: Libtool does not cope well with whitespace in `pwd`
configure:5271: checking for a sed that does not truncate output
configure:5335: result: /opt/conda/bin/sed
configure:5353: checking for grep that handles long lines and -e
configure:5411: result: /usr/bin/grep
configure:5416: checking for egrep
configure:5478: result: /usr/bin/grep -E
configure:5483: checking for fgrep
configure:5545: result: /usr/bin/grep -F
configure:5580: checking for ld used by gcc
configure:5647: result: /usr/bin/ld
configure:5654: checking if the linker (/usr/bin/ld) is GNU ld
configure:5669: result: yes
configure:5681: checking for BSD- or MS-compatible name lister (nm)
configure:5730: result: /usr/bin/nm -B
configure:5848: checking the name lister (/usr/bin/nm -B) interface
configure:5855: gcc -c -O2  -D_GNU_SOURCE -D_REENTRANT conftest.c >&5
configure:5858: /usr/bin/nm -B "conftest.o"
configure:5861: output
0000000000000000 B some_variable
configure:5868: result: BSD nm
configure:5871: checking whether ln -s works
configure:5875: result: yes
configure:5883: checking the maximum length of command line arguments
configure:6003: result: 1572864
configure:6020: checking whether the shell understands some XSI constructs
configure:6030: result: yes
configure:6034: checking whether the shell understands "+="
configure:6040: result: yes
configure:6075: checking for /usr/bin/ld option to reload object files
configure:6082: result: -r
configure:6151: checking for objdump
configure:6167: found /usr/bin/objdump
configure:6178: result: objdump
configure:6210: checking how to recognize dependent libraries
configure:6406: result: pass_all
configure:6466: checking for ar
configure:6482: found /usr/bin/ar
configure:6493: result: ar
configure:6571: checking for strip
configure:6587: found /usr/bin/strip
configure:6598: result: strip
configure:6670: checking for ranlib
configure:6686: found /usr/bin/ranlib
configure:6697: result: ranlib
configure:6787: checking command to parse /usr/bin/nm -B output from gcc object
configure:6905: gcc -c -O2  -D_GNU_SOURCE -D_REENTRANT conftest.c >&5
configure:6908: $? = 0
configure:6912: /usr/bin/nm -B conftest.o \| sed -n -e 's/^.*[	 ]\([ABCDGIRSTW][ABCDGIRSTW]*\)[	 ][	 ]*\([_A-Za-z][_A-Za-z0-9]*\)$/\1 \2 \2/p' \> conftest.nm
configure:6915: $? = 0
configure:6969: gcc -o conftest -O2  -D_GNU_SOURCE -D_REENTRANT  conftest.c conftstm.o >&5
configure:6972: $? = 0
configure:7010: result: ok
configure:7106: gcc -c -O2  -D_GNU_SOURCE -D_REENTRANT conftest.c >&5
configure:7109: $? = 0
configure:7819: checking how to run the C preprocessor
configure:7850: gcc -E  -D_GNU_SOURCE -D_REENTRANT conftest.c
configure:7850: $? = 0
configure:7864: gcc -E  -D_GNU_SOURCE -D_REENTRANT conftest.c
conftest.c:13:10: fatal error: ac_nonexistent.h: No such file or directory
   13 | #include <ac_nonexistent.h>
      |          ^~~~~~~~~~~~~~~~~~
compilation terminated.
configure:7864: $? = 1
configure: failed program was:
| /* confdefs.h */
| #define PACKAGE_NAME "XQilla"
| #define PACKAGE_TARNAME "xqilla"
| #define PACKAGE_VERSION "2.3.4"
| #define PACKAGE_STRING "XQilla 2.3.4"
| #define PACKAGE_BUGREPORT ""
| #define PACKAGE_URL ""
| #define PACKAGE "XQilla"
| #define VERSION "2.3.4"
| #define HAVE_GETCONTENTTYPE 1
| #define HAVE_ALLMATCHES 1
| /* end confdefs.h.  */
| #include <ac_nonexistent.h>
configure:7889: result: gcc -E
configure:7909: gcc -E  -D_GNU_SOURCE -D_REENTRANT conftest.c
configure:7909: $? = 0
configure:7923: gcc -E  -D_GNU_SOURCE -D_REENTRANT conftest.c
conftest.c:13:10: fatal error: ac_nonexistent.h: No such file or directory
   13 | #include <ac_nonexistent.h>
      |          ^~~~~~~~~~~~~~~~~~
compilation terminated.
configure:7923: $? = 1
configure: failed program was:
| /* confdefs.h */
| #define PACKAGE_NAME "XQilla"
| #define PACKAGE_TARNAME "xqilla"
| #define PACKAGE_VERSION "2.3.4"
| #define PACKAGE_STRING "XQilla 2.3.4"
| #define PACKAGE_BUGREPORT ""
| #define PACKAGE_URL ""
| #define PACKAGE "XQilla"
| #define VERSION "2.3.4"
| #define HAVE_GETCONTENTTYPE 1
| #define HAVE_ALLMATCHES 1
| /* end confdefs.h.  */
| #include <ac_nonexistent.h>
configure:7952: checking for ANSI C header files
configure:7972: gcc -c -O2  -D_GNU_SOURCE -D_REENTRANT conftest.c >&5
configure:7972: $? = 0
configure:8045: gcc -o conftest -O2  -D_GNU_SOURCE -D_REENTRANT  conftest.c  >&5
configure:8045: $? = 0
configure:8045: ./conftest
configure:8045: $? = 0
configure:8056: result: yes
configure:8069: checking for sys/types.h
configure:8069: gcc -c -O2  -D_GNU_SOURCE -D_REENTRANT conftest.c >&5
configure:8069: $? = 0
configure:8069: result: yes
configure:8069: checking for sys/stat.h
configure:8069: gcc -c -O2  -D_GNU_SOURCE -D_REENTRANT conftest.c >&5
configure:8069: $? = 0
configure:8069: result: yes
configure:8069: checking for stdlib.h
configure:8069: gcc -c -O2  -D_GNU_SOURCE -D_REENTRANT conftest.c >&5
configure:8069: $? = 0
configure:8069: result: yes
configure:8069: checking for string.h
configure:8069: gcc -c -O2  -D_GNU_SOURCE -D_REENTRANT conftest.c >&5
configure:8069: $? = 0
configure:8069: result: yes
configure:8069: checking for memory.h
configure:8069: gcc -c -O2  -D_GNU_SOURCE -D_REENTRANT conftest.c >&5
configure:8069: $? = 0
configure:8069: result: yes
configure:8069: checking for strings.h
configure:8069: gcc -c -O2  -D_GNU_SOURCE -D_REENTRANT conftest.c >&5
configure:8069: $? = 0
configure:8069: result: yes
configure:8069: checking for inttypes.h
configure:8069: gcc -c -O2  -D_GNU_SOURCE -D_REENTRANT conftest.c >&5
configure:8069: $? = 0
configure:8069: result: yes
configure:8069: checking for stdint.h
configure:8069: gcc -c -O2  -D_GNU_SOURCE -D_REENTRANT conftest.c >&5
configure:8069: $? = 0
configure:8069: result: yes
configure:8069: checking for unistd.h
configure:8069: gcc -c -O2  -D_GNU_SOURCE -D_REENTRANT conftest.c >&5
configure:8069: $? = 0
configure:8069: result: yes
configure:8084: checking for dlfcn.h
configure:8084: gcc -c -O2  -D_GNU_SOURCE -D_REENTRANT conftest.c >&5
configure:8084: $? = 0
configure:8084: result: yes
configure:8209: checking for C++ compiler version
configure:8218: g++ --version >&5
g++ (Ubuntu 11.3.0-1ubuntu1~22.04) 11.3.0
Copyright (C) 2021 Free Software Foundation, Inc.
This is free software; see the source for copying conditions.  There is NO
warranty; not even for MERCHANTABILITY or FITNESS FOR A PARTICULAR PURPOSE.

configure:8229: $? = 0
configure:8218: g++ -v >&5
Using built-in specs.
COLLECT_GCC=g++
COLLECT_LTO_WRAPPER=/usr/lib/gcc/x86_64-linux-gnu/11/lto-wrapper
OFFLOAD_TARGET_NAMES=nvptx-none:amdgcn-amdhsa
OFFLOAD_TARGET_DEFAULT=1
Target: x86_64-linux-gnu
Configured with: ../src/configure -v --with-pkgversion='Ubuntu 11.3.0-1ubuntu1~22.04' --with-bugurl=file:///usr/share/doc/gcc-11/README.Bugs --enable-languages=c,ada,c++,go,brig,d,fortran,objc,obj-c++,m2 --prefix=/usr --with-gcc-major-version-only --program-suffix=-11 --program-prefix=x86_64-linux-gnu- --enable-shared --enable-linker-build-id --libexecdir=/usr/lib --without-included-gettext --enable-threads=posix --libdir=/usr/lib --enable-nls --enable-bootstrap --enable-clocale=gnu --enable-libstdcxx-debug --enable-libstdcxx-time=yes --with-default-libstdcxx-abi=new --enable-gnu-unique-object --disable-vtable-verify --enable-plugin --enable-default-pie --with-system-zlib --enable-libphobos-checking=release --with-target-system-zlib=auto --enable-objc-gc=auto --enable-multiarch --disable-werror --enable-cet --with-arch-32=i686 --with-abi=m64 --with-multilib-list=m32,m64,mx32 --enable-multilib --with-tune=generic --enable-offload-targets=nvptx-none=/build/gcc-11-xKiWfi/gcc-11-11.3.0/debian/tmp-nvptx/usr,amdgcn-amdhsa=/build/gcc-11-xKiWfi/gcc-11-11.3.0/debian/tmp-gcn/usr --without-cuda-driver --enable-checking=release --build=x86_64-linux-gnu --host=x86_64-linux-gnu --target=x86_64-linux-gnu --with-build-config=bootstrap-lto-lean --enable-link-serialization=2
Thread model: posix
Supported LTO compression algorithms: zlib zstd
gcc version 11.3.0 (Ubuntu 11.3.0-1ubuntu1~22.04) 
... rest of stderr output deleted ...
configure:8229: $? = 0
configure:8218: g++ -V >&5
g++: error: unrecognized command-line option '-V'
g++: fatal error: no input files
compilation terminated.
configure:8229: $? = 1
configure:8218: g++ -qversion >&5
g++: error: unrecognized command-line option '-qversion'; did you mean '--version'?
g++: fatal error: no input files
compilation terminated.
configure:8229: $? = 1
configure:8233: checking whether we are using the GNU C++ compiler
configure:8261: result: yes
configure:8270: checking whether g++ accepts -g
configure:8331: result: yes
configure:8356: checking dependency style of g++
configure:8466: result: gcc3
configure:8489: checking how to run the C++ preprocessor
configure:8516: g++ -E  -D_GNU_SOURCE -D_REENTRANT conftest.cpp
configure:8516: $? = 0
configure:8530: g++ -E  -D_GNU_SOURCE -D_REENTRANT conftest.cpp
conftest.cpp:24:10: fatal error: ac_nonexistent.h: No such file or directory
   24 | #include <ac_nonexistent.h>
      |          ^~~~~~~~~~~~~~~~~~
compilation terminated.
configure:8530: $? = 1
configure: failed program was:
| /* confdefs.h */
| #define PACKAGE_NAME "XQilla"
| #define PACKAGE_TARNAME "xqilla"
| #define PACKAGE_VERSION "2.3.4"
| #define PACKAGE_STRING "XQilla 2.3.4"
| #define PACKAGE_BUGREPORT ""
| #define PACKAGE_URL ""
| #define PACKAGE "XQilla"
| #define VERSION "2.3.4"
| #define HAVE_GETCONTENTTYPE 1
| #define HAVE_ALLMATCHES 1
| #define STDC_HEADERS 1
| #define HAVE_SYS_TYPES_H 1
| #define HAVE_SYS_STAT_H 1
| #define HAVE_STDLIB_H 1
| #define HAVE_STRING_H 1
| #define HAVE_MEMORY_H 1
| #define HAVE_STRINGS_H 1
| #define HAVE_INTTYPES_H 1
| #define HAVE_STDINT_H 1
| #define HAVE_UNISTD_H 1
| #define HAVE_DLFCN_H 1
| /* end confdefs.h.  */
| #include <ac_nonexistent.h>
configure:8555: result: g++ -E
configure:8575: g++ -E  -D_GNU_SOURCE -D_REENTRANT conftest.cpp
configure:8575: $? = 0
configure:8589: g++ -E  -D_GNU_SOURCE -D_REENTRANT conftest.cpp
conftest.cpp:24:10: fatal error: ac_nonexistent.h: No such file or directory
   24 | #include <ac_nonexistent.h>
      |          ^~~~~~~~~~~~~~~~~~
compilation terminated.
configure:8589: $? = 1
configure: failed program was:
| /* confdefs.h */
| #define PACKAGE_NAME "XQilla"
| #define PACKAGE_TARNAME "xqilla"
| #define PACKAGE_VERSION "2.3.4"
| #define PACKAGE_STRING "XQilla 2.3.4"
| #define PACKAGE_BUGREPORT ""
| #define PACKAGE_URL ""
| #define PACKAGE "XQilla"
| #define VERSION "2.3.4"
| #define HAVE_GETCONTENTTYPE 1
| #define HAVE_ALLMATCHES 1
| #define STDC_HEADERS 1
| #define HAVE_SYS_TYPES_H 1
| #define HAVE_SYS_STAT_H 1
| #define HAVE_STDLIB_H 1
| #define HAVE_STRING_H 1
| #define HAVE_MEMORY_H 1
| #define HAVE_STRINGS_H 1
| #define HAVE_INTTYPES_H 1
| #define HAVE_STDINT_H 1
| #define HAVE_UNISTD_H 1
| #define HAVE_DLFCN_H 1
| /* end confdefs.h.  */
| #include <ac_nonexistent.h>
configure:8794: checking for objdir
configure:8809: result: .libs
configure:9105: checking if gcc supports -fno-rtti -fno-exceptions
configure:9123: gcc -c -O2  -D_GNU_SOURCE -D_REENTRANT -fno-rtti -fno-exceptions conftest.c >&5
cc1: warning: command-line option '-fno-rtti' is valid for C++/D/ObjC++ but not for C
configure:9127: $? = 0
configure:9140: result: no
configure:9160: checking for gcc option to produce PIC
configure:9432: result: -fPIC -DPIC
configure:9444: checking if gcc PIC flag -fPIC -DPIC works
configure:9462: gcc -c -O2  -D_GNU_SOURCE -D_REENTRANT -fPIC -DPIC -DPIC conftest.c >&5
configure:9466: $? = 0
configure:9479: result: yes
configure:9503: checking if gcc static flag -static works
configure:9531: result: yes
configure:9546: checking if gcc supports -c -o file.o
configure:9567: gcc -c -O2  -D_GNU_SOURCE -D_REENTRANT -o out/conftest2.o conftest.c >&5
configure:9571: $? = 0
configure:9593: result: yes
configure:9601: checking if gcc supports -c -o file.o
configure:9648: result: yes
configure:9681: checking whether the gcc linker (/usr/bin/ld -m elf_x86_64) supports shared libraries
configure:10671: result: yes
configure:10708: checking whether -lc should be explicitly linked in
configure:10713: gcc -c -O2  -D_GNU_SOURCE -D_REENTRANT conftest.c >&5
configure:10716: $? = 0
configure:10731: gcc -shared conftest.o  -v -Wl,-soname -Wl,conftest -o conftest 2\>\&1 \| /usr/bin/grep  -lc  \>/dev/null 2\>\&1
configure:10734: $? = 0
configure:10746: result: no
configure:10910: checking dynamic linker characteristics
configure:11343: gcc -o conftest -O2  -D_GNU_SOURCE -D_REENTRANT  -Wl,-rpath -Wl,/foo conftest.c  >&5
configure:11343: $? = 0
configure:11573: result: GNU/Linux ld.so
configure:11675: checking how to hardcode library paths into programs
configure:11700: result: immediate
configure:12220: checking whether stripping libraries is possible
configure:12225: result: yes
configure:12260: checking if libtool supports shared libraries
configure:12262: result: yes
configure:12265: checking whether to build shared libraries
configure:12286: result: yes
configure:12289: checking whether to build static libraries
configure:12293: result: yes
configure:12443: checking for ld used by g++
configure:12510: result: /usr/bin/ld -m elf_x86_64
configure:12517: checking if the linker (/usr/bin/ld -m elf_x86_64) is GNU ld
configure:12532: result: yes
configure:12587: checking whether the g++ linker (/usr/bin/ld -m elf_x86_64) supports shared libraries
configure:13500: result: yes
configure:13528: g++ -c -O2  -D_GNU_SOURCE -D_REENTRANT conftest.cpp >&5
configure:13531: $? = 0
configure:13713: checking for g++ option to produce PIC
configure:14030: result: -fPIC -DPIC
configure:14039: checking if g++ PIC flag -fPIC -DPIC works
configure:14057: g++ -c -O2  -D_GNU_SOURCE -D_REENTRANT -fPIC -DPIC -DPIC conftest.cpp >&5
configure:14061: $? = 0
configure:14074: result: yes
configure:14095: checking if g++ static flag -static works
configure:14123: result: yes
configure:14135: checking if g++ supports -c -o file.o
configure:14156: g++ -c -O2  -D_GNU_SOURCE -D_REENTRANT -o out/conftest2.o conftest.cpp >&5
configure:14160: $? = 0
configure:14182: result: yes
configure:14187: checking if g++ supports -c -o file.o
configure:14234: result: yes
configure:14264: checking whether the g++ linker (/usr/bin/ld -m elf_x86_64) supports shared libraries
configure:14293: result: yes
configure:14430: checking dynamic linker characteristics
configure:14811: g++ -o conftest -O2  -D_GNU_SOURCE -D_REENTRANT  -Wl,-rpath -Wl,/foo conftest.cpp  >&5
configure:14811: $? = 0
configure:15041: result: GNU/Linux ld.so
configure:15092: checking how to hardcode library paths into programs
configure:15117: result: immediate
configure:15180: checking how to run the C preprocessor
configure:15250: result: gcc -E
configure:15270: gcc -E  -D_GNU_SOURCE -D_REENTRANT conftest.c
configure:15270: $? = 0
configure:15284: gcc -E  -D_GNU_SOURCE -D_REENTRANT conftest.c
conftest.c:25:10: fatal error: ac_nonexistent.h: No such file or directory
   25 | #include <ac_nonexistent.h>
      |          ^~~~~~~~~~~~~~~~~~
compilation terminated.
configure:15284: $? = 1
configure: failed program was:
| /* confdefs.h */
| #define PACKAGE_NAME "XQilla"
| #define PACKAGE_TARNAME "xqilla"
| #define PACKAGE_VERSION "2.3.4"
| #define PACKAGE_STRING "XQilla 2.3.4"
| #define PACKAGE_BUGREPORT ""
| #define PACKAGE_URL ""
| #define PACKAGE "XQilla"
| #define VERSION "2.3.4"
| #define HAVE_GETCONTENTTYPE 1
| #define HAVE_ALLMATCHES 1
| #define STDC_HEADERS 1
| #define HAVE_SYS_TYPES_H 1
| #define HAVE_SYS_STAT_H 1
| #define HAVE_STDLIB_H 1
| #define HAVE_STRING_H 1
| #define HAVE_MEMORY_H 1
| #define HAVE_STRINGS_H 1
| #define HAVE_INTTYPES_H 1
| #define HAVE_STDINT_H 1
| #define HAVE_UNISTD_H 1
| #define HAVE_DLFCN_H 1
| #define LT_OBJDIR ".libs/"
| /* end confdefs.h.  */
| #include <ac_nonexistent.h>
configure:15313: checking whether ln -s works
configure:15317: result: yes
configure:15324: checking whether make sets $(MAKE)
configure:15346: result: yes
configure:15359: checking for bison
configure:15389: result: no
configure:15399: WARNING: XQilla requires bison if you need to rebuild the parser.
configure:15406: checking for flex
configure:15436: result: no
configure:15406: checking for lex
configure:15436: result: no
configure:15564: checking unicode support in flex
configure:15571: result: not found
configure:15573: WARNING: XQilla requires a version of flex supporting the -U (16-bit unicode) flag if you need to rebuild the lexer.
configure:15599: checking for pthread_create in -lpthread
configure:15624: gcc -o conftest -O2   -D_GNU_SOURCE -D_REENTRANT  conftest.c -lpthread   >&5
configure:15624: $? = 0
configure:15633: result: yes
configure:15644: checking for connect in -lsocket
configure:15669: gcc -o conftest -O2   -D_GNU_SOURCE -D_REENTRANT  conftest.c -lsocket  -lpthread  >&5
/usr/bin/ld: cannot find -lsocket: No such file or directory
collect2: error: ld returned 1 exit status
configure:15669: $? = 1
configure: failed program was:
| /* confdefs.h */
| #define PACKAGE_NAME "XQilla"
| #define PACKAGE_TARNAME "xqilla"
| #define PACKAGE_VERSION "2.3.4"
| #define PACKAGE_STRING "XQilla 2.3.4"
| #define PACKAGE_BUGREPORT ""
| #define PACKAGE_URL ""
| #define PACKAGE "XQilla"
| #define VERSION "2.3.4"
| #define HAVE_GETCONTENTTYPE 1
| #define HAVE_ALLMATCHES 1
| #define STDC_HEADERS 1
| #define HAVE_SYS_TYPES_H 1
| #define HAVE_SYS_STAT_H 1
| #define HAVE_STDLIB_H 1
| #define HAVE_STRING_H 1
| #define HAVE_MEMORY_H 1
| #define HAVE_STRINGS_H 1
| #define HAVE_INTTYPES_H 1
| #define HAVE_STDINT_H 1
| #define HAVE_UNISTD_H 1
| #define HAVE_DLFCN_H 1
| #define LT_OBJDIR ".libs/"
| #define HAVE_LIBPTHREAD 1
| /* end confdefs.h.  */
| 
| /* Override any GCC internal prototype to avoid an error.
|    Use char because int might match the return type of a GCC
|    builtin and then its argument prototype would still apply.  */
| #ifdef __cplusplus
| extern "C"
| #endif
| char connect ();
| int
| main ()
| {
| return connect ();
|   ;
|   return 0;
| }
configure:15678: result: no
configure:15689: checking for gethostbyname in -lnsl
configure:15714: gcc -o conftest -O2   -D_GNU_SOURCE -D_REENTRANT  conftest.c -lnsl  -lpthread  >&5
configure:15714: $? = 0
configure:15723: result: yes
configure:15738: checking for working alloca.h
configure:15755: gcc -o conftest -O2   -D_GNU_SOURCE -D_REENTRANT  conftest.c -lnsl -lpthread  >&5
configure:15755: $? = 0
configure:15763: result: yes
configure:15771: checking for alloca
configure:15808: gcc -o conftest -O2   -D_GNU_SOURCE -D_REENTRANT  conftest.c -lnsl -lpthread  >&5
configure:15808: $? = 0
configure:15816: result: yes
configure:15926: checking for ANSI C header files
configure:16030: result: yes
configure:16041: checking limits.h usability
configure:16041: gcc -c -O2   -D_GNU_SOURCE -D_REENTRANT conftest.c >&5
configure:16041: $? = 0
configure:16041: result: yes
configure:16041: checking limits.h presence
configure:16041: gcc -E  -D_GNU_SOURCE -D_REENTRANT conftest.c
configure:16041: $? = 0
configure:16041: result: yes
configure:16041: checking for limits.h
configure:16041: result: yes
configure:16041: checking malloc.h usability
configure:16041: gcc -c -O2   -D_GNU_SOURCE -D_REENTRANT conftest.c >&5
configure:16041: $? = 0
configure:16041: result: yes
configure:16041: checking malloc.h presence
configure:16041: gcc -E  -D_GNU_SOURCE -D_REENTRANT conftest.c
configure:16041: $? = 0
configure:16041: result: yes
configure:16041: checking for malloc.h
configure:16041: result: yes
configure:16041: checking stddef.h usability
configure:16041: gcc -c -O2   -D_GNU_SOURCE -D_REENTRANT conftest.c >&5
configure:16041: $? = 0
configure:16041: result: yes
configure:16041: checking stddef.h presence
configure:16041: gcc -E  -D_GNU_SOURCE -D_REENTRANT conftest.c
configure:16041: $? = 0
configure:16041: result: yes
configure:16041: checking for stddef.h
configure:16041: result: yes
configure:16041: checking for stdlib.h
configure:16041: result: yes
configure:16041: checking for string.h
configure:16041: result: yes
configure:16041: checking sys/time.h usability
configure:16041: gcc -c -O2   -D_GNU_SOURCE -D_REENTRANT conftest.c >&5
configure:16041: $? = 0
configure:16041: result: yes
configure:16041: checking sys/time.h presence
configure:16041: gcc -E  -D_GNU_SOURCE -D_REENTRANT conftest.c
configure:16041: $? = 0
configure:16041: result: yes
configure:16041: checking for sys/time.h
configure:16041: result: yes
configure:16041: checking sys/timeb.h usability
configure:16041: gcc -c -O2   -D_GNU_SOURCE -D_REENTRANT conftest.c >&5
configure:16041: $? = 0
configure:16041: result: yes
configure:16041: checking sys/timeb.h presence
configure:16041: gcc -E  -D_GNU_SOURCE -D_REENTRANT conftest.c
configure:16041: $? = 0
configure:16041: result: yes
configure:16041: checking for sys/timeb.h
configure:16041: result: yes
configure:16041: checking wchar.h usability
configure:16041: gcc -c -O2   -D_GNU_SOURCE -D_REENTRANT conftest.c >&5
configure:16041: $? = 0
configure:16041: result: yes
configure:16041: checking wchar.h presence
configure:16041: gcc -E  -D_GNU_SOURCE -D_REENTRANT conftest.c
configure:16041: $? = 0
configure:16041: result: yes
configure:16041: checking for wchar.h
configure:16041: result: yes
configure:16054: checking for stdbool.h that conforms to C99
configure:16139: gcc -c -O2   -D_GNU_SOURCE -D_REENTRANT conftest.c >&5
configure:16139: $? = 0
configure:16146: result: yes
configure:16148: checking for _Bool
configure:16148: gcc -c -O2   -D_GNU_SOURCE -D_REENTRANT conftest.c >&5
configure:16148: $? = 0
configure:16148: gcc -c -O2   -D_GNU_SOURCE -D_REENTRANT conftest.c >&5
conftest.c: In function 'main':
conftest.c:74:20: error: expected expression before ')' token
   74 | if (sizeof ((_Bool)))
      |                    ^
configure:16148: $? = 1
configure: failed program was:
| /* confdefs.h */
| #define PACKAGE_NAME "XQilla"
| #define PACKAGE_TARNAME "xqilla"
| #define PACKAGE_VERSION "2.3.4"
| #define PACKAGE_STRING "XQilla 2.3.4"
| #define PACKAGE_BUGREPORT ""
| #define PACKAGE_URL ""
| #define PACKAGE "XQilla"
| #define VERSION "2.3.4"
| #define HAVE_GETCONTENTTYPE 1
| #define HAVE_ALLMATCHES 1
| #define STDC_HEADERS 1
| #define HAVE_SYS_TYPES_H 1
| #define HAVE_SYS_STAT_H 1
| #define HAVE_STDLIB_H 1
| #define HAVE_STRING_H 1
| #define HAVE_MEMORY_H 1
| #define HAVE_STRINGS_H 1
| #define HAVE_INTTYPES_H 1
| #define HAVE_STDINT_H 1
| #define HAVE_UNISTD_H 1
| #define HAVE_DLFCN_H 1
| #define LT_OBJDIR ".libs/"
| #define HAVE_LIBPTHREAD 1
| #define HAVE_LIBNSL 1
| #define HAVE_ALLOCA_H 1
| #define HAVE_ALLOCA 1
| #define STDC_HEADERS 1
| #define HAVE_LIMITS_H 1
| #define HAVE_MALLOC_H 1
| #define HAVE_STDDEF_H 1
| #define HAVE_STDLIB_H 1
| #define HAVE_STRING_H 1
| #define HAVE_SYS_TIME_H 1
| #define HAVE_SYS_TIMEB_H 1
| #define HAVE_WCHAR_H 1
| /* end confdefs.h.  */
| #include <stdio.h>
| #ifdef HAVE_SYS_TYPES_H
| # include <sys/types.h>
| #endif
| #ifdef HAVE_SYS_STAT_H
| # include <sys/stat.h>
| #endif
| #ifdef STDC_HEADERS
| # include <stdlib.h>
| # include <stddef.h>
| #else
| # ifdef HAVE_STDLIB_H
| #  include <stdlib.h>
| # endif
| #endif
| #ifdef HAVE_STRING_H
| # if !defined STDC_HEADERS && defined HAVE_MEMORY_H
| #  include <memory.h>
| # endif
| # include <string.h>
| #endif
| #ifdef HAVE_STRINGS_H
| # include <strings.h>
| #endif
| #ifdef HAVE_INTTYPES_H
| # include <inttypes.h>
| #endif
| #ifdef HAVE_STDINT_H
| # include <stdint.h>
| #endif
| #ifdef HAVE_UNISTD_H
| # include <unistd.h>
| #endif
| int
| main ()
| {
| if (sizeof ((_Bool)))
| 	    return 0;
|   ;
|   return 0;
| }
configure:16148: result: yes
configure:16164: checking for an ANSI C-conforming const
configure:16229: gcc -c -O2   -D_GNU_SOURCE -D_REENTRANT conftest.c >&5
configure:16229: $? = 0
configure:16236: result: yes
configure:16244: checking for inline
configure:16260: gcc -c -O2   -D_GNU_SOURCE -D_REENTRANT conftest.c >&5
configure:16260: $? = 0
configure:16268: result: inline
configure:16286: checking for size_t
configure:16286: gcc -c -O2   -D_GNU_SOURCE -D_REENTRANT conftest.c >&5
configure:16286: $? = 0
configure:16286: gcc -c -O2   -D_GNU_SOURCE -D_REENTRANT conftest.c >&5
conftest.c: In function 'main':
conftest.c:76:21: error: expected expression before ')' token
   76 | if (sizeof ((size_t)))
      |                     ^
configure:16286: $? = 1
configure: failed program was:
| /* confdefs.h */
| #define PACKAGE_NAME "XQilla"
| #define PACKAGE_TARNAME "xqilla"
| #define PACKAGE_VERSION "2.3.4"
| #define PACKAGE_STRING "XQilla 2.3.4"
| #define PACKAGE_BUGREPORT ""
| #define PACKAGE_URL ""
| #define PACKAGE "XQilla"
| #define VERSION "2.3.4"
| #define HAVE_GETCONTENTTYPE 1
| #define HAVE_ALLMATCHES 1
| #define STDC_HEADERS 1
| #define HAVE_SYS_TYPES_H 1
| #define HAVE_SYS_STAT_H 1
| #define HAVE_STDLIB_H 1
| #define HAVE_STRING_H 1
| #define HAVE_MEMORY_H 1
| #define HAVE_STRINGS_H 1
| #define HAVE_INTTYPES_H 1
| #define HAVE_STDINT_H 1
| #define HAVE_UNISTD_H 1
| #define HAVE_DLFCN_H 1
| #define LT_OBJDIR ".libs/"
| #define HAVE_LIBPTHREAD 1
| #define HAVE_LIBNSL 1
| #define HAVE_ALLOCA_H 1
| #define HAVE_ALLOCA 1
| #define STDC_HEADERS 1
| #define HAVE_LIMITS_H 1
| #define HAVE_MALLOC_H 1
| #define HAVE_STDDEF_H 1
| #define HAVE_STDLIB_H 1
| #define HAVE_STRING_H 1
| #define HAVE_SYS_TIME_H 1
| #define HAVE_SYS_TIMEB_H 1
| #define HAVE_WCHAR_H 1
| #define HAVE__BOOL 1
| #define HAVE_STDBOOL_H 1
| /* end confdefs.h.  */
| #include <stdio.h>
| #ifdef HAVE_SYS_TYPES_H
| # include <sys/types.h>
| #endif
| #ifdef HAVE_SYS_STAT_H
| # include <sys/stat.h>
| #endif
| #ifdef STDC_HEADERS
| # include <stdlib.h>
| # include <stddef.h>
| #else
| # ifdef HAVE_STDLIB_H
| #  include <stdlib.h>
| # endif
| #endif
| #ifdef HAVE_STRING_H
| # if !defined STDC_HEADERS && defined HAVE_MEMORY_H
| #  include <memory.h>
| # endif
| # include <string.h>
| #endif
| #ifdef HAVE_STRINGS_H
| # include <strings.h>
| #endif
| #ifdef HAVE_INTTYPES_H
| # include <inttypes.h>
| #endif
| #ifdef HAVE_STDINT_H
| # include <stdint.h>
| #endif
| #ifdef HAVE_UNISTD_H
| # include <unistd.h>
| #endif
| int
| main ()
| {
| if (sizeof ((size_t)))
| 	    return 0;
|   ;
|   return 0;
| }
configure:16286: result: yes
configure:16297: checking whether time.h and sys/time.h may both be included
configure:16317: gcc -c -O2   -D_GNU_SOURCE -D_REENTRANT conftest.c >&5
configure:16317: $? = 0
configure:16324: result: yes
configure:16332: checking whether struct tm is in sys/time.h or time.h
configure:16352: gcc -c -O2   -D_GNU_SOURCE -D_REENTRANT conftest.c >&5
configure:16352: $? = 0
configure:16359: result: time.h
configure:16367: checking for ptrdiff_t
configure:16367: gcc -c -O2   -D_GNU_SOURCE -D_REENTRANT conftest.c >&5
configure:16367: $? = 0
configure:16367: gcc -c -O2   -D_GNU_SOURCE -D_REENTRANT conftest.c >&5
conftest.c: In function 'main':
conftest.c:77:24: error: expected expression before ')' token
   77 | if (sizeof ((ptrdiff_t)))
      |                        ^
configure:16367: $? = 1
configure: failed program was:
| /* confdefs.h */
| #define PACKAGE_NAME "XQilla"
| #define PACKAGE_TARNAME "xqilla"
| #define PACKAGE_VERSION "2.3.4"
| #define PACKAGE_STRING "XQilla 2.3.4"
| #define PACKAGE_BUGREPORT ""
| #define PACKAGE_URL ""
| #define PACKAGE "XQilla"
| #define VERSION "2.3.4"
| #define HAVE_GETCONTENTTYPE 1
| #define HAVE_ALLMATCHES 1
| #define STDC_HEADERS 1
| #define HAVE_SYS_TYPES_H 1
| #define HAVE_SYS_STAT_H 1
| #define HAVE_STDLIB_H 1
| #define HAVE_STRING_H 1
| #define HAVE_MEMORY_H 1
| #define HAVE_STRINGS_H 1
| #define HAVE_INTTYPES_H 1
| #define HAVE_STDINT_H 1
| #define HAVE_UNISTD_H 1
| #define HAVE_DLFCN_H 1
| #define LT_OBJDIR ".libs/"
| #define HAVE_LIBPTHREAD 1
| #define HAVE_LIBNSL 1
| #define HAVE_ALLOCA_H 1
| #define HAVE_ALLOCA 1
| #define STDC_HEADERS 1
| #define HAVE_LIMITS_H 1
| #define HAVE_MALLOC_H 1
| #define HAVE_STDDEF_H 1
| #define HAVE_STDLIB_H 1
| #define HAVE_STRING_H 1
| #define HAVE_SYS_TIME_H 1
| #define HAVE_SYS_TIMEB_H 1
| #define HAVE_WCHAR_H 1
| #define HAVE__BOOL 1
| #define HAVE_STDBOOL_H 1
| #define TIME_WITH_SYS_TIME 1
| /* end confdefs.h.  */
| #include <stdio.h>
| #ifdef HAVE_SYS_TYPES_H
| # include <sys/types.h>
| #endif
| #ifdef HAVE_SYS_STAT_H
| # include <sys/stat.h>
| #endif
| #ifdef STDC_HEADERS
| # include <stdlib.h>
| # include <stddef.h>
| #else
| # ifdef HAVE_STDLIB_H
| #  include <stdlib.h>
| # endif
| #endif
| #ifdef HAVE_STRING_H
| # if !defined STDC_HEADERS && defined HAVE_MEMORY_H
| #  include <memory.h>
| # endif
| # include <string.h>
| #endif
| #ifdef HAVE_STRINGS_H
| # include <strings.h>
| #endif
| #ifdef HAVE_INTTYPES_H
| # include <inttypes.h>
| #endif
| #ifdef HAVE_STDINT_H
| # include <stdint.h>
| #endif
| #ifdef HAVE_UNISTD_H
| # include <unistd.h>
| #endif
| int
| main ()
| {
| if (sizeof ((ptrdiff_t)))
| 	    return 0;
|   ;
|   return 0;
| }
configure:16367: result: yes
configure:16379: checking for error_at_line
configure:16395: gcc -o conftest -O2   -D_GNU_SOURCE -D_REENTRANT  conftest.c -lnsl -lpthread  >&5
configure:16395: $? = 0
configure:16403: result: yes
configure:16420: checking for sys/time.h
configure:16420: result: yes
configure:16420: checking for unistd.h
configure:16420: result: yes
configure:16442: checking for alarm
configure:16442: gcc -o conftest -O2   -D_GNU_SOURCE -D_REENTRANT  conftest.c -lnsl -lpthread  >&5
configure:16442: $? = 0
configure:16442: result: yes
configure:16456: checking for working mktime
configure:16661: gcc -o conftest -O2   -D_GNU_SOURCE -D_REENTRANT  conftest.c -lnsl -lpthread  >&5
configure:16661: $? = 0
configure:16661: ./conftest
configure:16661: $? = 0
configure:16671: result: yes
configure:16685: checking for floor
configure:16685: gcc -o conftest -O2   -D_GNU_SOURCE -D_REENTRANT  conftest.c -lnsl -lpthread  >&5
conftest.c:68:6: warning: conflicting types for built-in function 'floor'; expected 'double(double)' [-Wbuiltin-declaration-mismatch]
   68 | char floor ();
      |      ^~~~~
conftest.c:56:1: note: 'floor' is declared in header '<math.h>'
   55 | # include <limits.h>
   56 | #else
/usr/bin/ld: /tmp/ccSqdm41.o: in function `main':
conftest.c:(.text.startup+0xb): undefined reference to `floor'
collect2: error: ld returned 1 exit status
configure:16685: $? = 1
configure: failed program was:
| /* confdefs.h */
| #define PACKAGE_NAME "XQilla"
| #define PACKAGE_TARNAME "xqilla"
| #define PACKAGE_VERSION "2.3.4"
| #define PACKAGE_STRING "XQilla 2.3.4"
| #define PACKAGE_BUGREPORT ""
| #define PACKAGE_URL ""
| #define PACKAGE "XQilla"
| #define VERSION "2.3.4"
| #define HAVE_GETCONTENTTYPE 1
| #define HAVE_ALLMATCHES 1
| #define STDC_HEADERS 1
| #define HAVE_SYS_TYPES_H 1
| #define HAVE_SYS_STAT_H 1
| #define HAVE_STDLIB_H 1
| #define HAVE_STRING_H 1
| #define HAVE_MEMORY_H 1
| #define HAVE_STRINGS_H 1
| #define HAVE_INTTYPES_H 1
| #define HAVE_STDINT_H 1
| #define HAVE_UNISTD_H 1
| #define HAVE_DLFCN_H 1
| #define LT_OBJDIR ".libs/"
| #define HAVE_LIBPTHREAD 1
| #define HAVE_LIBNSL 1
| #define HAVE_ALLOCA_H 1
| #define HAVE_ALLOCA 1
| #define STDC_HEADERS 1
| #define HAVE_LIMITS_H 1
| #define HAVE_MALLOC_H 1
| #define HAVE_STDDEF_H 1
| #define HAVE_STDLIB_H 1
| #define HAVE_STRING_H 1
| #define HAVE_SYS_TIME_H 1
| #define HAVE_SYS_TIMEB_H 1
| #define HAVE_WCHAR_H 1
| #define HAVE__BOOL 1
| #define HAVE_STDBOOL_H 1
| #define TIME_WITH_SYS_TIME 1
| #define HAVE_PTRDIFF_T 1
| #define HAVE_SYS_TIME_H 1
| #define HAVE_UNISTD_H 1
| #define HAVE_ALARM 1
| /* end confdefs.h.  */
| /* Define floor to an innocuous variant, in case <limits.h> declares floor.
|    For example, HP-UX 11i <limits.h> declares gettimeofday.  */
| #define floor innocuous_floor
| 
| /* System header to define __stub macros and hopefully few prototypes,
|     which can conflict with char floor (); below.
|     Prefer <limits.h> to <assert.h> if __STDC__ is defined, since
|     <limits.h> exists even on freestanding compilers.  */
| 
| #ifdef __STDC__
| # include <limits.h>
| #else
| # include <assert.h>
| #endif
| 
| #undef floor
| 
| /* Override any GCC internal prototype to avoid an error.
|    Use char because int might match the return type of a GCC
|    builtin and then its argument prototype would still apply.  */
| #ifdef __cplusplus
| extern "C"
| #endif
| char floor ();
| /* The GNU C library defines this for functions which it implements
|     to always fail with ENOSYS.  Some functions are actually named
|     something starting with __ and the normal name is an alias.  */
| #if defined __stub_floor || defined __stub___floor
| choke me
| #endif
| 
| int
| main ()
| {
| return floor ();
|   ;
|   return 0;
| }
configure:16685: result: no
configure:16685: checking for ftime
configure:16685: gcc -o conftest -O2   -D_GNU_SOURCE -D_REENTRANT  conftest.c -lnsl -lpthread  >&5
configure:16685: $? = 0
configure:16685: result: yes
configure:16685: checking for gettimeofday
configure:16685: gcc -o conftest -O2   -D_GNU_SOURCE -D_REENTRANT  conftest.c -lnsl -lpthread  >&5
configure:16685: $? = 0
configure:16685: result: yes
configure:16685: checking for memmove
configure:16685: gcc -o conftest -O2   -D_GNU_SOURCE -D_REENTRANT  conftest.c -lnsl -lpthread  >&5
conftest.c:70:6: warning: conflicting types for built-in function 'memmove'; expected 'void *(void *, const void *, long unsigned int)' [-Wbuiltin-declaration-mismatch]
   70 | char memmove ();
      |      ^~~~~~~
conftest.c:58:1: note: 'memmove' is declared in header '<string.h>'
   57 | # include <limits.h>
   58 | #else
configure:16685: $? = 0
configure:16685: result: yes
configure:16685: checking for memset
configure:16685: gcc -o conftest -O2   -D_GNU_SOURCE -D_REENTRANT  conftest.c -lnsl -lpthread  >&5
conftest.c:71:6: warning: conflicting types for built-in function 'memset'; expected 'void *(void *, int,  long unsigned int)' [-Wbuiltin-declaration-mismatch]
   71 | char memset ();
      |      ^~~~~~
conftest.c:59:1: note: 'memset' is declared in header '<string.h>'
   58 | # include <limits.h>
   59 | #else
configure:16685: $? = 0
configure:16685: result: yes
configure:16685: checking for pow
configure:16685: gcc -o conftest -O2   -D_GNU_SOURCE -D_REENTRANT  conftest.c -lnsl -lpthread  >&5
conftest.c:72:6: warning: conflicting types for built-in function 'pow'; expected 'double(double,  double)' [-Wbuiltin-declaration-mismatch]
   72 | char pow ();
      |      ^~~
conftest.c:60:1: note: 'pow' is declared in header '<math.h>'
   59 | # include <limits.h>
   60 | #else
/usr/bin/ld: /tmp/cc73sMmE.o: in function `main':
conftest.c:(.text.startup+0xb): undefined reference to `pow'
collect2: error: ld returned 1 exit status
configure:16685: $? = 1
configure: failed program was:
| /* confdefs.h */
| #define PACKAGE_NAME "XQilla"
| #define PACKAGE_TARNAME "xqilla"
| #define PACKAGE_VERSION "2.3.4"
| #define PACKAGE_STRING "XQilla 2.3.4"
| #define PACKAGE_BUGREPORT ""
| #define PACKAGE_URL ""
| #define PACKAGE "XQilla"
| #define VERSION "2.3.4"
| #define HAVE_GETCONTENTTYPE 1
| #define HAVE_ALLMATCHES 1
| #define STDC_HEADERS 1
| #define HAVE_SYS_TYPES_H 1
| #define HAVE_SYS_STAT_H 1
| #define HAVE_STDLIB_H 1
| #define HAVE_STRING_H 1
| #define HAVE_MEMORY_H 1
| #define HAVE_STRINGS_H 1
| #define HAVE_INTTYPES_H 1
| #define HAVE_STDINT_H 1
| #define HAVE_UNISTD_H 1
| #define HAVE_DLFCN_H 1
| #define LT_OBJDIR ".libs/"
| #define HAVE_LIBPTHREAD 1
| #define HAVE_LIBNSL 1
| #define HAVE_ALLOCA_H 1
| #define HAVE_ALLOCA 1
| #define STDC_HEADERS 1
| #define HAVE_LIMITS_H 1
| #define HAVE_MALLOC_H 1
| #define HAVE_STDDEF_H 1
| #define HAVE_STDLIB_H 1
| #define HAVE_STRING_H 1
| #define HAVE_SYS_TIME_H 1
| #define HAVE_SYS_TIMEB_H 1
| #define HAVE_WCHAR_H 1
| #define HAVE__BOOL 1
| #define HAVE_STDBOOL_H 1
| #define TIME_WITH_SYS_TIME 1
| #define HAVE_PTRDIFF_T 1
| #define HAVE_SYS_TIME_H 1
| #define HAVE_UNISTD_H 1
| #define HAVE_ALARM 1
| #define HAVE_FTIME 1
| #define HAVE_GETTIMEOFDAY 1
| #define HAVE_MEMMOVE 1
| #define HAVE_MEMSET 1
| /* end confdefs.h.  */
| /* Define pow to an innocuous variant, in case <limits.h> declares pow.
|    For example, HP-UX 11i <limits.h> declares gettimeofday.  */
| #define pow innocuous_pow
| 
| /* System header to define __stub macros and hopefully few prototypes,
|     which can conflict with char pow (); below.
|     Prefer <limits.h> to <assert.h> if __STDC__ is defined, since
|     <limits.h> exists even on freestanding compilers.  */
| 
| #ifdef __STDC__
| # include <limits.h>
| #else
| # include <assert.h>
| #endif
| 
| #undef pow
| 
| /* Override any GCC internal prototype to avoid an error.
|    Use char because int might match the return type of a GCC
|    builtin and then its argument prototype would still apply.  */
| #ifdef __cplusplus
| extern "C"
| #endif
| char pow ();
| /* The GNU C library defines this for functions which it implements
|     to always fail with ENOSYS.  Some functions are actually named
|     something starting with __ and the normal name is an alias.  */
| #if defined __stub_pow || defined __stub___pow
| choke me
| #endif
| 
| int
| main ()
| {
| return pow ();
|   ;
|   return 0;
| }
configure:16685: result: no
configure:16685: checking for sqrt
configure:16685: gcc -o conftest -O2   -D_GNU_SOURCE -D_REENTRANT  conftest.c -lnsl -lpthread  >&5
conftest.c:72:6: warning: conflicting types for built-in function 'sqrt'; expected 'double(double)' [-Wbuiltin-declaration-mismatch]
   72 | char sqrt ();
      |      ^~~~
conftest.c:60:1: note: 'sqrt' is declared in header '<math.h>'
   59 | # include <limits.h>
   60 | #else
/usr/bin/ld: /tmp/ccqnwxyI.o: in function `main':
conftest.c:(.text.startup+0xb): undefined reference to `sqrt'
collect2: error: ld returned 1 exit status
configure:16685: $? = 1
configure: failed program was:
| /* confdefs.h */
| #define PACKAGE_NAME "XQilla"
| #define PACKAGE_TARNAME "xqilla"
| #define PACKAGE_VERSION "2.3.4"
| #define PACKAGE_STRING "XQilla 2.3.4"
| #define PACKAGE_BUGREPORT ""
| #define PACKAGE_URL ""
| #define PACKAGE "XQilla"
| #define VERSION "2.3.4"
| #define HAVE_GETCONTENTTYPE 1
| #define HAVE_ALLMATCHES 1
| #define STDC_HEADERS 1
| #define HAVE_SYS_TYPES_H 1
| #define HAVE_SYS_STAT_H 1
| #define HAVE_STDLIB_H 1
| #define HAVE_STRING_H 1
| #define HAVE_MEMORY_H 1
| #define HAVE_STRINGS_H 1
| #define HAVE_INTTYPES_H 1
| #define HAVE_STDINT_H 1
| #define HAVE_UNISTD_H 1
| #define HAVE_DLFCN_H 1
| #define LT_OBJDIR ".libs/"
| #define HAVE_LIBPTHREAD 1
| #define HAVE_LIBNSL 1
| #define HAVE_ALLOCA_H 1
| #define HAVE_ALLOCA 1
| #define STDC_HEADERS 1
| #define HAVE_LIMITS_H 1
| #define HAVE_MALLOC_H 1
| #define HAVE_STDDEF_H 1
| #define HAVE_STDLIB_H 1
| #define HAVE_STRING_H 1
| #define HAVE_SYS_TIME_H 1
| #define HAVE_SYS_TIMEB_H 1
| #define HAVE_WCHAR_H 1
| #define HAVE__BOOL 1
| #define HAVE_STDBOOL_H 1
| #define TIME_WITH_SYS_TIME 1
| #define HAVE_PTRDIFF_T 1
| #define HAVE_SYS_TIME_H 1
| #define HAVE_UNISTD_H 1
| #define HAVE_ALARM 1
| #define HAVE_FTIME 1
| #define HAVE_GETTIMEOFDAY 1
| #define HAVE_MEMMOVE 1
| #define HAVE_MEMSET 1
| /* end confdefs.h.  */
| /* Define sqrt to an innocuous variant, in case <limits.h> declares sqrt.
|    For example, HP-UX 11i <limits.h> declares gettimeofday.  */
| #define sqrt innocuous_sqrt
| 
| /* System header to define __stub macros and hopefully few prototypes,
|     which can conflict with char sqrt (); below.
|     Prefer <limits.h> to <assert.h> if __STDC__ is defined, since
|     <limits.h> exists even on freestanding compilers.  */
| 
| #ifdef __STDC__
| # include <limits.h>
| #else
| # include <assert.h>
| #endif
| 
| #undef sqrt
| 
| /* Override any GCC internal prototype to avoid an error.
|    Use char because int might match the return type of a GCC
|    builtin and then its argument prototype would still apply.  */
| #ifdef __cplusplus
| extern "C"
| #endif
| char sqrt ();
| /* The GNU C library defines this for functions which it implements
|     to always fail with ENOSYS.  Some functions are actually named
|     something starting with __ and the normal name is an alias.  */
| #if defined __stub_sqrt || defined __stub___sqrt
| choke me
| #endif
| 
| int
| main ()
| {
| return sqrt ();
|   ;
|   return 0;
| }
configure:16685: result: no
configure:16685: checking for strchr
configure:16685: gcc -o conftest -O2   -D_GNU_SOURCE -D_REENTRANT  conftest.c -lnsl -lpthread  >&5
conftest.c:72:6: warning: conflicting types for built-in function 'strchr'; expected 'char *(const char *, int)' [-Wbuiltin-declaration-mismatch]
   72 | char strchr ();
      |      ^~~~~~
conftest.c:60:1: note: 'strchr' is declared in header '<string.h>'
   59 | # include <limits.h>
   60 | #else
configure:16685: $? = 0
configure:16685: result: yes
configure:16685: checking for strstr
configure:16685: gcc -o conftest -O2   -D_GNU_SOURCE -D_REENTRANT  conftest.c -lnsl -lpthread  >&5
conftest.c:73:6: warning: conflicting types for built-in function 'strstr'; expected 'char *(const char *, const char *)' [-Wbuiltin-declaration-mismatch]
   73 | char strstr ();
      |      ^~~~~~
conftest.c:61:1: note: 'strstr' is declared in header '<string.h>'
   60 | # include <limits.h>
   61 | #else
configure:16685: $? = 0
configure:16685: result: yes
configure:16685: checking for tzset
configure:16685: gcc -o conftest -O2   -D_GNU_SOURCE -D_REENTRANT  conftest.c -lnsl -lpthread  >&5
configure:16685: $? = 0
configure:16685: result: yes
configure:16685: checking for localtime_r
configure:16685: gcc -o conftest -O2   -D_GNU_SOURCE -D_REENTRANT  conftest.c -lnsl -lpthread  >&5
configure:16685: $? = 0
configure:16685: result: yes
configure:16828: creating ./config.status

## ---------------------- ##
## Running config.status. ##
## ---------------------- ##

This file was extended by XQilla config.status 2.3.4, which was
generated by GNU Autoconf 2.64.  Invocation command line was

  CONFIG_FILES    = 
  CONFIG_HEADERS  = 
  CONFIG_LINKS    = 
  CONFIG_COMMANDS = 
  $ ./config.status 

on jupyter-mihe2568

config.status:1174: creating Makefile
config.status:1174: creating include/Makefile
config.status:1174: creating src/config/xqilla_config_unix.h
config.status:1394: executing depfiles commands
config.status:1394: executing libtool commands

## ---------------- ##
## Cache variables. ##
## ---------------- ##

ac_cv_build=x86_64-unknown-linux-gnu
ac_cv_c_compiler_gnu=yes
ac_cv_c_const=yes
ac_cv_c_inline=inline
ac_cv_cxx_compiler_gnu=yes
ac_cv_env_CCC_set=
ac_cv_env_CCC_value=
ac_cv_env_CC_set=
ac_cv_env_CC_value=
ac_cv_env_CFLAGS_set=
ac_cv_env_CFLAGS_value=
ac_cv_env_CPPFLAGS_set=
ac_cv_env_CPPFLAGS_value=
ac_cv_env_CPP_set=
ac_cv_env_CPP_value=
ac_cv_env_CXXCPP_set=
ac_cv_env_CXXCPP_value=
ac_cv_env_CXXFLAGS_set=
ac_cv_env_CXXFLAGS_value=
ac_cv_env_CXX_set=
ac_cv_env_CXX_value=
ac_cv_env_LDFLAGS_set=
ac_cv_env_LDFLAGS_value=
ac_cv_env_LIBS_set=
ac_cv_env_LIBS_value=
ac_cv_env_build_alias_set=
ac_cv_env_build_alias_value=
ac_cv_env_host_alias_set=
ac_cv_env_host_alias_value=
ac_cv_env_target_alias_set=
ac_cv_env_target_alias_value=
ac_cv_func_alarm=yes
ac_cv_func_alloca_works=yes
ac_cv_func_floor=no
ac_cv_func_ftime=yes
ac_cv_func_gettimeofday=yes
ac_cv_func_localtime_r=yes
ac_cv_func_memmove=yes
ac_cv_func_memset=yes
ac_cv_func_pow=no
ac_cv_func_sqrt=no
ac_cv_func_strchr=yes
ac_cv_func_strstr=yes
ac_cv_func_tzset=yes
ac_cv_func_working_mktime=yes
ac_cv_header_dlfcn_h=yes
ac_cv_header_inttypes_h=yes
ac_cv_header_limits_h=yes
ac_cv_header_malloc_h=yes
ac_cv_header_memory_h=yes
ac_cv_header_stdbool_h=yes
ac_cv_header_stdc=yes
ac_cv_header_stddef_h=yes
ac_cv_header_stdint_h=yes
ac_cv_header_stdlib_h=yes
ac_cv_header_string_h=yes
ac_cv_header_strings_h=yes
ac_cv_header_sys_stat_h=yes
ac_cv_header_sys_time_h=yes
ac_cv_header_sys_timeb_h=yes
ac_cv_header_sys_types_h=yes
ac_cv_header_time=yes
ac_cv_header_unistd_h=yes
ac_cv_header_wchar_h=yes
ac_cv_host=x86_64-unknown-linux-gnu
ac_cv_lib_error_at_line=yes
ac_cv_lib_nsl_gethostbyname=yes
ac_cv_lib_pthread_pthread_create=yes
ac_cv_lib_socket_connect=no
ac_cv_objext=o
ac_cv_path_EGREP='/usr/bin/grep -E'
ac_cv_path_FGREP='/usr/bin/grep -F'
ac_cv_path_GREP=/usr/bin/grep
ac_cv_path_SED=/opt/conda/bin/sed
ac_cv_path_install='/usr/bin/install -c'
ac_cv_path_mkdir=/usr/bin/mkdir
ac_cv_prog_AWK=mawk
ac_cv_prog_CPP='gcc -E'
ac_cv_prog_CXXCPP='g++ -E'
ac_cv_prog_ac_ct_AR=ar
ac_cv_prog_ac_ct_CC=gcc
ac_cv_prog_ac_ct_CXX=g++
ac_cv_prog_ac_ct_OBJDUMP=objdump
ac_cv_prog_ac_ct_RANLIB=ranlib
ac_cv_prog_ac_ct_STRIP=strip
ac_cv_prog_cc_c89=
ac_cv_prog_cc_g=yes
ac_cv_prog_cxx_g=yes
ac_cv_prog_make_make_set=yes
ac_cv_struct_tm=time.h
ac_cv_target=x86_64-unknown-linux-gnu
ac_cv_type__Bool=yes
ac_cv_type_ptrdiff_t=yes
ac_cv_type_size_t=yes
ac_cv_working_alloca_h=yes
am_cv_CC_dependencies_compiler_type=gcc3
am_cv_CXX_dependencies_compiler_type=gcc3
lt_cv_deplibs_check_method=pass_all
lt_cv_file_magic_cmd='$MAGIC_CMD'
lt_cv_file_magic_test_file=
lt_cv_ld_reload_flag=-r
lt_cv_nm_interface='BSD nm'
lt_cv_objdir=.libs
lt_cv_path_LD=/usr/bin/ld
lt_cv_path_LDCXX='/usr/bin/ld -m elf_x86_64'
lt_cv_path_NM='/usr/bin/nm -B'
lt_cv_prog_compiler_c_o=yes
lt_cv_prog_compiler_c_o_CXX=yes
lt_cv_prog_compiler_pic_works=yes
lt_cv_prog_compiler_pic_works_CXX=yes
lt_cv_prog_compiler_rtti_exceptions=no
lt_cv_prog_compiler_static_works=yes
lt_cv_prog_compiler_static_works_CXX=yes
lt_cv_prog_gnu_ld=yes
lt_cv_prog_gnu_ldcxx=yes
lt_cv_sys_global_symbol_pipe='sed -n -e '\''s/^.*[	 ]\([ABCDGIRSTW][ABCDGIRSTW]*\)[	 ][	 ]*\([_A-Za-z][_A-Za-z0-9]*\)$/\1 \2 \2/p'\'''
lt_cv_sys_global_symbol_to_c_name_address='sed -n -e '\''s/^: \([^ ]*\) $/  {\"\1\", (void *) 0},/p'\'' -e '\''s/^[ABCDGIRSTW]* \([^ ]*\) \([^ ]*\)$/  {"\2", (void *) \&\2},/p'\'''
lt_cv_sys_global_symbol_to_c_name_address_lib_prefix='sed -n -e '\''s/^: \([^ ]*\) $/  {\"\1\", (void *) 0},/p'\'' -e '\''s/^[ABCDGIRSTW]* \([^ ]*\) \(lib[^ ]*\)$/  {"\2", (void *) \&\2},/p'\'' -e '\''s/^[ABCDGIRSTW]* \([^ ]*\) \([^ ]*\)$/  {"lib\2", (void *) \&\2},/p'\'''
lt_cv_sys_global_symbol_to_cdecl='sed -n -e '\''s/^T .* \(.*\)$/extern int \1();/p'\'' -e '\''s/^[ABCDGIRSTW]* .* \(.*\)$/extern char \1;/p'\'''
lt_cv_sys_max_cmd_len=1572864
xqilla_cv_debug=no
xqilla_cv_rpath=yes

## ----------------- ##
## Output variables. ##
## ----------------- ##

ACLOCAL='${SHELL} "/home/jovyan/CSPB 3287/lab-8-mitch-henderson/XQilla-2.3.4/autotools/missing" --run aclocal-1.11'
ALLOCA=''
AMDEPBACKSLASH='\'
AMDEP_FALSE='#'
AMDEP_TRUE=''
AMTAR='${SHELL} "/home/jovyan/CSPB 3287/lab-8-mitch-henderson/XQilla-2.3.4/autotools/missing" --run tar'
AR='ar'
AUTOCONF='${SHELL} "/home/jovyan/CSPB 3287/lab-8-mitch-henderson/XQilla-2.3.4/autotools/missing" --run autoconf'
AUTOHEADER='${SHELL} "/home/jovyan/CSPB 3287/lab-8-mitch-henderson/XQilla-2.3.4/autotools/missing" --run autoheader'
AUTOMAKE='${SHELL} "/home/jovyan/CSPB 3287/lab-8-mitch-henderson/XQilla-2.3.4/autotools/missing" --run automake-1.11'
AWK='mawk'
BUILD_DOM_SAMPLES_FALSE='#'
BUILD_DOM_SAMPLES_TRUE=''
CC='gcc'
CCDEPMODE='depmode=gcc3'
CFLAGS='-O2 '
CPP='gcc -E'
CPPFLAGS=' -D_GNU_SOURCE -D_REENTRANT'
CXX='g++'
CXXCPP='g++ -E'
CXXDEPMODE='depmode=gcc3'
CXXFLAGS='-O2 -ftemplate-depth-50 '
CYGPATH_W='echo'
DEFS='-DHAVE_CONFIG_H'
DEPDIR='.deps'
DSYMUTIL=''
DUMPBIN=''
ECHO_C=''
ECHO_N='-n'
ECHO_T=''
EGREP='/usr/bin/grep -E'
EXEEXT=''
FGREP='/usr/bin/grep -F'
GREP='/usr/bin/grep'
INSTALL_DATA='${INSTALL} -m 644'
INSTALL_PROGRAM='${INSTALL}'
INSTALL_SCRIPT='${INSTALL}'
INSTALL_STRIP_PROGRAM='$(install_sh) -c -s'
LD='/usr/bin/ld -m elf_x86_64'
LDFLAGS=''
LEX='${SHELL} "/home/jovyan/CSPB 3287/lab-8-mitch-henderson/XQilla-2.3.4/autotools/missing" --run flex'
LEXLIB=''
LEX_OUTPUT_ROOT=''
LIBOBJS=''
LIBS='-lnsl -lpthread '
LIBTOOL='$(SHELL) $(top_builddir)/libtool'
LIPO=''
LN_S='ln -s'
LTLIBOBJS=''
MAINT='#'
MAINTAINER_MODE_FALSE=''
MAINTAINER_MODE_TRUE='#'
MAKEINFO='${SHELL} "/home/jovyan/CSPB 3287/lab-8-mitch-henderson/XQilla-2.3.4/autotools/missing" --run makeinfo'
MKDIR_P='/usr/bin/mkdir -p'
NM='/usr/bin/nm -B'
NMEDIT=''
OBJDUMP='objdump'
OBJEXT='o'
OTOOL64=''
OTOOL=''
PACKAGE='XQilla'
PACKAGE_BUGREPORT=''
PACKAGE_NAME='XQilla'
PACKAGE_STRING='XQilla 2.3.4'
PACKAGE_TARNAME='xqilla'
PACKAGE_URL=''
PACKAGE_VERSION='2.3.4'
PATH_SEPARATOR=':'
RANLIB='ranlib'
SED='/opt/conda/bin/sed'
SET_MAKE=''
SHELL='/bin/bash'
STRIP='strip'
VERSION='2.3.4'
YACC='${SHELL} "/home/jovyan/CSPB 3287/lab-8-mitch-henderson/XQilla-2.3.4/autotools/missing" --run  bison'
ac_ct_CC='gcc'
ac_ct_CXX='g++'
ac_ct_DUMPBIN=''
am__EXEEXT_FALSE=''
am__EXEEXT_TRUE='#'
am__fastdepCC_FALSE='#'
am__fastdepCC_TRUE=''
am__fastdepCXX_FALSE='#'
am__fastdepCXX_TRUE=''
am__include='include'
am__isrc=''
am__leading_dot='.'
am__quote=''
am__tar='${AMTAR} chof - "$$tardir"'
am__untar='${AMTAR} xf -'
bindir='${exec_prefix}/bin'
build='x86_64-unknown-linux-gnu'
build_alias=''
build_cpu='x86_64'
build_os='linux-gnu'
build_vendor='unknown'
datadir='${datarootdir}'
datarootdir='${prefix}/share'
docdir='${datarootdir}/doc/${PACKAGE_TARNAME}'
dvidir='${docdir}'
exec_prefix='${prefix}'
faxpp_include=''
faxpp_lib=''
faxpp_library=''
host='x86_64-unknown-linux-gnu'
host_alias=''
host_cpu='x86_64'
host_os='linux-gnu'
host_vendor='unknown'
htmldir='${docdir}'
includedir='${prefix}/include'
infodir='${datarootdir}/info'
install_sh='${SHELL} '\''/home/jovyan/CSPB 3287/lab-8-mitch-henderson/XQilla-2.3.4/autotools/install-sh'\'''
libdir='${exec_prefix}/lib'
libexecdir='${exec_prefix}/libexec'
localedir='${datarootdir}/locale'
localstatedir='${prefix}/var'
lt_ECHO='echo'
mandir='${datarootdir}/man'
mkdir_p='/usr/bin/mkdir -p'
oldincludedir='/usr/include'
pdfdir='${docdir}'
prefix='/usr/local'
program_transform_name='s,x,x,'
psdir='${docdir}'
sbindir='${exec_prefix}/sbin'
sharedstatedir='${prefix}/com'
sysconfdir='${prefix}/etc'
target='x86_64-unknown-linux-gnu'
target_alias=''
target_cpu='x86_64'
target_os='linux-gnu'
target_vendor='unknown'
tidy_include=''
tidy_lib=''
tidy_library=''
xerces_include='-I/home/jovyan/xerces-c-3.2.4/src'
xerces_include_dir='/home/jovyan/xerces-c-3.2.4/src'
xerces_lib='/home/jovyan/xerces-c-3.2.4/src'

## ----------- ##
## confdefs.h. ##
## ----------- ##

/* confdefs.h */
#define PACKAGE_NAME "XQilla"
#define PACKAGE_TARNAME "xqilla"
#define PACKAGE_VERSION "2.3.4"
#define PACKAGE_STRING "XQilla 2.3.4"
#define PACKAGE_BUGREPORT ""
#define PACKAGE_URL ""
#define PACKAGE "XQilla"
#define VERSION "2.3.4"
#define HAVE_GETCONTENTTYPE 1
#define HAVE_ALLMATCHES 1
#define STDC_HEADERS 1
#define HAVE_SYS_TYPES_H 1
#define HAVE_SYS_STAT_H 1
#define HAVE_STDLIB_H 1
#define HAVE_STRING_H 1
#define HAVE_MEMORY_H 1
#define HAVE_STRINGS_H 1
#define HAVE_INTTYPES_H 1
#define HAVE_STDINT_H 1
#define HAVE_UNISTD_H 1
#define HAVE_DLFCN_H 1
#define LT_OBJDIR ".libs/"
#define HAVE_LIBPTHREAD 1
#define HAVE_LIBNSL 1
#define HAVE_ALLOCA_H 1
#define HAVE_ALLOCA 1
#define STDC_HEADERS 1
#define HAVE_LIMITS_H 1
#define HAVE_MALLOC_H 1
#define HAVE_STDDEF_H 1
#define HAVE_STDLIB_H 1
#define HAVE_STRING_H 1
#define HAVE_SYS_TIME_H 1
#define HAVE_SYS_TIMEB_H 1
#define HAVE_WCHAR_H 1
#define HAVE__BOOL 1
#define HAVE_STDBOOL_H 1
#define TIME_WITH_SYS_TIME 1
#define HAVE_PTRDIFF_T 1
#define HAVE_SYS_TIME_H 1
#define HAVE_UNISTD_H 1
#define HAVE_ALARM 1
#define HAVE_FTIME 1
#define HAVE_GETTIMEOFDAY 1
#define HAVE_MEMMOVE 1
#define HAVE_MEMSET 1
#define HAVE_STRCHR 1
#define HAVE_STRSTR 1
#define HAVE_TZSET 1
#define HAVE_LOCALTIME_R 1

configure: exit 0
